[debug] [2025-11-14T00:22:29.089Z] [Firebase Plugin] Activating Firebase extension.
[debug] [2025-11-14T00:22:29.489Z] [Firebase Plugin] requireAuthWrapper
[debug] [2025-11-14T00:22:29.490Z] > command requires scopes: ["email","openid","https://www.googleapis.com/auth/cloudplatformprojects.readonly","https://www.googleapis.com/auth/firebase","https://www.googleapis.com/auth/cloud-platform"]
[debug] [2025-11-14T00:22:29.513Z] [Firebase Plugin] VSCode notification server listening on port 40001
[error] [Firebase Plugin] requireAuth error: Could not load the default credentials. Browse to https://cloud.google.com/docs/authentication/getting-started for more information.
[info] [Firebase Plugin] Starting Data Connect toolkit (version 2.17.0) on port 50001
[info] i  dataconnect: downloading dataconnect-emulator-2.17.0... {"metadata":{"emulator":{"name":"dataconnect"},"message":"downloading dataconnect-emulator-2.17.0..."}}
[debug] [2025-11-14T00:22:30.047Z] 'fdc build' failed with error: EACCES: permission denied, mkdir '/home/codespace/.cache/firebase/emulators' {"metadata":{"emulator":{"name":"dataconnect"},"message":"'fdc build' failed with error: EACCES: permission denied, mkdir '/home/codespace/.cache/firebase/emulators'"}}
[warn] ⚠  Setup required, please run: firebase setup:emulators:dataconnect 
[debug] [2025-11-14T00:33:13.322Z] [Firebase Plugin] Activating Firebase extension.
[debug] [2025-11-14T00:33:22.898Z] [Firebase Plugin] requireAuthWrapper
[debug] [2025-11-14T00:33:22.900Z] > command requires scopes: ["email","openid","https://www.googleapis.com/auth/cloudplatformprojects.readonly","https://www.googleapis.com/auth/firebase","https://www.googleapis.com/auth/cloud-platform"]
[debug] [2025-11-14T00:33:22.916Z] [Firebase Plugin] VSCode notification server listening on port 40002
[error] [Firebase Plugin] requireAuth error: Could not load the default credentials. Browse to https://cloud.google.com/docs/authentication/getting-started for more information.
[info] [Firebase Plugin] Starting Data Connect toolkit (version 2.17.0) on port 50001
[info] i  dataconnect: downloading dataconnect-emulator-2.17.0... {"metadata":{"emulator":{"name":"dataconnect"},"message":"downloading dataconnect-emulator-2.17.0..."}}
[debug] [2025-11-14T00:33:24.392Z] 'fdc build' failed with error: EACCES: permission denied, mkdir '/home/codespace/.cache/firebase/emulators' {"metadata":{"emulator":{"name":"dataconnect"},"message":"'fdc build' failed with error: EACCES: permission denied, mkdir '/home/codespace/.cache/firebase/emulators'"}}
[warn] ⚠  Setup required, please run: firebase setup:emulators:dataconnect 
[info] [Firebase Plugin] Stopping Data Connect toolkit
[debug] [2025-11-14T02:43:05.174Z] [Firebase Plugin] Activating Firebase extension.
[debug] [2025-11-14T02:43:07.024Z] [Firebase Plugin] requireAuthWrapper
[debug] [2025-11-14T02:43:07.027Z] > command requires scopes: ["email","openid","https://www.googleapis.com/auth/cloudplatformprojects.readonly","https://www.googleapis.com/auth/firebase","https://www.googleapis.com/auth/cloud-platform"]
[debug] [2025-11-14T02:43:07.045Z] [Firebase Plugin] VSCode notification server listening on port 40001
[error] [Firebase Plugin] requireAuth error: Could not load the default credentials. Browse to https://cloud.google.com/docs/authentication/getting-started for more information.
[info] [Firebase Plugin] Starting Data Connect toolkit (version 2.17.0) on port 50001
[info] i  dataconnect: downloading dataconnect-emulator-2.17.0... {"metadata":{"emulator":{"name":"dataconnect"},"message":"downloading dataconnect-emulator-2.17.0..."}}
[debug] [2025-11-14T02:43:08.805Z] 'fdc build' failed with error: EACCES: permission denied, mkdir '/home/codespace/.cache/firebase/emulators' {"metadata":{"emulator":{"name":"dataconnect"},"message":"'fdc build' failed with error: EACCES: permission denied, mkdir '/home/codespace/.cache/firebase/emulators'"}}
[warn] ⚠  Setup required, please run: firebase setup:emulators:dataconnect 
[info] [Firebase Plugin] Stopping Data Connect toolkit
[debug] [2025-11-14T10:36:55.336Z] [Firebase Plugin] Activating Firebase extension.
[debug] [2025-11-14T10:37:02.318Z] [Firebase Plugin] requireAuthWrapper
[debug] [2025-11-14T10:37:02.319Z] > command requires scopes: ["email","openid","https://www.googleapis.com/auth/cloudplatformprojects.readonly","https://www.googleapis.com/auth/firebase","https://www.googleapis.com/auth/cloud-platform"]
[debug] [2025-11-14T10:37:02.331Z] [Firebase Plugin] VSCode notification server listening on port 40001
[error] [Firebase Plugin] requireAuth error: Could not load the default credentials. Browse to https://cloud.google.com/docs/authentication/getting-started for more information.
[info] [Firebase Plugin] Starting Data Connect toolkit (version 2.17.0) on port 50001
[info] i  dataconnect: downloading dataconnect-emulator-2.17.0... {"metadata":{"emulator":{"name":"dataconnect"},"message":"downloading dataconnect-emulator-2.17.0..."}}
[debug] [2025-11-14T10:37:03.094Z] 'fdc build' failed with error: EACCES: permission denied, mkdir '/home/codespace/.cache/firebase/emulators' {"metadata":{"emulator":{"name":"dataconnect"},"message":"'fdc build' failed with error: EACCES: permission denied, mkdir '/home/codespace/.cache/firebase/emulators'"}}
[warn] ⚠  Setup required, please run: firebase setup:emulators:dataconnect 
[debug] [2025-11-14T12:41:37.717Z] [Firebase Plugin] Activating Firebase extension.
[debug] [2025-11-14T12:41:47.623Z] [Firebase Plugin] requireAuthWrapper
[debug] [2025-11-14T12:41:47.624Z] > command requires scopes: ["email","openid","https://www.googleapis.com/auth/cloudplatformprojects.readonly","https://www.googleapis.com/auth/firebase","https://www.googleapis.com/auth/cloud-platform"]
[debug] [2025-11-14T12:41:47.642Z] [Firebase Plugin] VSCode notification server listening on port 40002
[error] [Firebase Plugin] requireAuth error: Could not load the default credentials. Browse to https://cloud.google.com/docs/authentication/getting-started for more information.
[info] [Firebase Plugin] Starting Data Connect toolkit (version 2.17.0) on port 50001
[info] i  dataconnect: downloading dataconnect-emulator-2.17.0... {"metadata":{"emulator":{"name":"dataconnect"},"message":"downloading dataconnect-emulator-2.17.0..."}}
[debug] [2025-11-14T12:41:48.919Z] 'fdc build' failed with error: EACCES: permission denied, mkdir '/home/codespace/.cache/firebase/emulators' {"metadata":{"emulator":{"name":"dataconnect"},"message":"'fdc build' failed with error: EACCES: permission denied, mkdir '/home/codespace/.cache/firebase/emulators'"}}
[warn] ⚠  Setup required, please run: firebase setup:emulators:dataconnect 
[info] [Firebase Plugin] Stopping Data Connect toolkit
[debug] [2025-11-14T18:13:50.511Z] [Firebase Plugin] Activating Firebase extension.
[debug] [2025-11-14T18:13:55.265Z] [Firebase Plugin] requireAuthWrapper
[debug] [2025-11-14T18:13:55.268Z] > command requires scopes: ["email","openid","https://www.googleapis.com/auth/cloudplatformprojects.readonly","https://www.googleapis.com/auth/firebase","https://www.googleapis.com/auth/cloud-platform"]
[debug] [2025-11-14T18:13:55.284Z] [Firebase Plugin] VSCode notification server listening on port 40001
[error] [Firebase Plugin] requireAuth error: Could not load the default credentials. Browse to https://cloud.google.com/docs/authentication/getting-started for more information.
[info] [Firebase Plugin] Starting Data Connect toolkit (version 2.17.0) on port 50001
[info] i  dataconnect: downloading dataconnect-emulator-2.17.0... {"metadata":{"emulator":{"name":"dataconnect"},"message":"downloading dataconnect-emulator-2.17.0..."}}
[debug] [2025-11-14T18:13:56.491Z] 'fdc build' failed with error: EACCES: permission denied, mkdir '/home/codespace/.cache/firebase/emulators' {"metadata":{"emulator":{"name":"dataconnect"},"message":"'fdc build' failed with error: EACCES: permission denied, mkdir '/home/codespace/.cache/firebase/emulators'"}}
[warn] ⚠  Setup required, please run: firebase setup:emulators:dataconnect 
[debug] [2025-11-14T20:24:34.770Z] [Firebase Plugin] Activating Firebase extension.
[debug] [2025-11-14T20:24:39.462Z] [Firebase Plugin] requireAuthWrapper
[debug] [2025-11-14T20:24:39.464Z] > command requires scopes: ["email","openid","https://www.googleapis.com/auth/cloudplatformprojects.readonly","https://www.googleapis.com/auth/firebase","https://www.googleapis.com/auth/cloud-platform"]
[debug] [2025-11-14T20:24:39.483Z] [Firebase Plugin] VSCode notification server listening on port 40001
[error] [Firebase Plugin] requireAuth error: Could not load the default credentials. Browse to https://cloud.google.com/docs/authentication/getting-started for more information.
[info] [Firebase Plugin] Starting Data Connect toolkit (version 2.17.0) on port 50001
[info] i  dataconnect: downloading dataconnect-emulator-2.17.0... {"metadata":{"emulator":{"name":"dataconnect"},"message":"downloading dataconnect-emulator-2.17.0..."}}
[debug] [2025-11-14T20:24:40.431Z] 'fdc build' failed with error: EACCES: permission denied, mkdir '/home/codespace/.cache/firebase/emulators' {"metadata":{"emulator":{"name":"dataconnect"},"message":"'fdc build' failed with error: EACCES: permission denied, mkdir '/home/codespace/.cache/firebase/emulators'"}}
[warn] ⚠  Setup required, please run: firebase setup:emulators:dataconnect 
[debug] [2025-11-14T20:28:50.921Z] [Firebase Plugin] Activating Firebase extension.
[debug] [2025-11-14T20:28:54.953Z] [Firebase Plugin] requireAuthWrapper
[debug] [2025-11-14T20:28:54.954Z] > command requires scopes: ["email","openid","https://www.googleapis.com/auth/cloudplatformprojects.readonly","https://www.googleapis.com/auth/firebase","https://www.googleapis.com/auth/cloud-platform"]
[debug] [2025-11-14T20:28:54.968Z] [Firebase Plugin] VSCode notification server listening on port 40001
[error] [Firebase Plugin] requireAuth error: Could not load the default credentials. Browse to https://cloud.google.com/docs/authentication/getting-started for more information.
[info] [Firebase Plugin] Starting Data Connect toolkit (version 2.17.0) on port 50001
[info] i  dataconnect: downloading dataconnect-emulator-2.17.0... {"metadata":{"emulator":{"name":"dataconnect"},"message":"downloading dataconnect-emulator-2.17.0..."}}
[debug] [2025-11-14T20:28:55.861Z] 'fdc build' failed with error: EACCES: permission denied, mkdir '/home/codespace/.cache/firebase/emulators' {"metadata":{"emulator":{"name":"dataconnect"},"message":"'fdc build' failed with error: EACCES: permission denied, mkdir '/home/codespace/.cache/firebase/emulators'"}}
[warn] ⚠  Setup required, please run: firebase setup:emulators:dataconnect 
[debug] [2025-11-15T17:34:06.282Z] [Firebase Plugin] Activating Firebase extension.
[debug] [2025-11-15T17:34:09.535Z] [Firebase Plugin] requireAuthWrapper
[debug] [2025-11-15T17:34:09.537Z] > command requires scopes: ["email","openid","https://www.googleapis.com/auth/cloudplatformprojects.readonly","https://www.googleapis.com/auth/firebase","https://www.googleapis.com/auth/cloud-platform"]
[debug] [2025-11-15T17:34:09.555Z] [Firebase Plugin] VSCode notification server listening on port 40001
[error] [Firebase Plugin] requireAuth error: Could not load the default credentials. Browse to https://cloud.google.com/docs/authentication/getting-started for more information.
[info] [Firebase Plugin] Starting Data Connect toolkit (version 2.17.0) on port 50001
[info] i  dataconnect: downloading dataconnect-emulator-2.17.0... {"metadata":{"emulator":{"name":"dataconnect"},"message":"downloading dataconnect-emulator-2.17.0..."}}
[debug] [2025-11-15T17:34:12.228Z] 'fdc build' failed with error: EACCES: permission denied, mkdir '/home/codespace/.cache/firebase/emulators' {"metadata":{"emulator":{"name":"dataconnect"},"message":"'fdc build' failed with error: EACCES: permission denied, mkdir '/home/codespace/.cache/firebase/emulators'"}}
[warn] ⚠  Setup required, please run: firebase setup:emulators:dataconnect 
